0 info it worked if it ends with ok
1 verbose cli [ '/usr/bin/node', '/usr/bin/npm', 'run', 'startdev' ]
2 info using npm@3.5.2
3 info using node@v8.10.0
4 verbose run-script [ 'prestartdev', 'startdev', 'poststartdev' ]
5 info lifecycle prayer-times@1.0.0~prestartdev: prayer-times@1.0.0
6 silly lifecycle prayer-times@1.0.0~prestartdev: no script for prestartdev, continuing
7 info lifecycle prayer-times@1.0.0~startdev: prayer-times@1.0.0
8 verbose lifecycle prayer-times@1.0.0~startdev: unsafe-perm in lifecycle true
9 verbose lifecycle prayer-times@1.0.0~startdev: PATH: /usr/share/npm/bin/node-gyp-bin:/mnt/d/Projects/DEKAPE/nodejs/prayer-times/node_modules/.bin:/home/pandudpn/.local/bin:/mnt/d/Projects/DEKAPE/go/bin:/usr/local/go/bin:/usr/local/sbin:/usr/local/bin:/usr/sbin:/usr/bin:/sbin:/bin:/usr/games:/usr/local/games:/mnt/c/Program Files (x86)/Common Files/Oracle/Java/javapath:/mnt/c/Program Files (x86)/Intel/iCLS Client/:/mnt/c/Program Files/Intel/iCLS Client/:/mnt/c/Windows/System32/:/mnt/c/Windows:/mnt/c/Windows/System32/Wbem:/mnt/c/Windows/System32/WindowsPowerShell/v1.0/:/mnt/c/Program Files (x86)/Intel/Intel(R) Management Engine Components/DAL:/mnt/c/Program Files/Intel/Intel(R) Management Engine Components/DAL:/mnt/c/Program Files (x86)/Intel/Intel(R) Management Engine Components/IPT:/mnt/c/Program Files/Intel/Intel(R) Management Engine Components/IPT:/mnt/c/Program Files (x86)/NVIDIA Corporation/PhysX/Common:/mnt/c/WINDOWS/system32:/mnt/c/WINDOWS:/mnt/c/WINDOWS/System32/Wbem:/mnt/c/WINDOWS/System32/WindowsPowerShell/v1.0/:/mnt/c/WINDOWS/System32/OpenSSH/:/mnt/c/Program Files/nodejs/:/mnt/c/xampp/php:/mnt/c/composer:/mnt/c/Users/pandu/AppData/Local/Android/Sdk/emulator:/mnt/c/Program Files/Java/jdk1.7.0_80/jre/lib/ext/mysql-connector-java-5.1.47-bin.jar:/mnt/c/Program Files/Java/jdk1.8.0_201/jre/lib/ext/mysql-connector-java-5.1.47-bin.jar:/mnt/c/Program Files/Git/cmd:/mnt/c/Program Files/PuTTY/:/mnt/c/Go/bin:/mnt/c/Users/pandu/AppData/Local/Microsoft/WindowsApps:/mnt/c/Users/pandu/AppData/Local/Programs/Microsoft VS Code/bin:/mnt/c/Python27:/mnt/c/Python27/Scripts:/mnt/c/Users/pandu/AppData/Roaming/npm:/mnt/c/Users/pandu/AppData/Roaming/Composer/vendor/bin:/mnt/c/ffmpeg/bin:/mnt/d/flutter/bin:/mnt/c/Program Files/Java/jdk1.8.0_201/bin:/mnt/c/Users/pandu/AppData/Local/Android/Sdk/platform-tools:/mnt/c/Users/pandu/go/bin:/snap/bin
10 verbose lifecycle prayer-times@1.0.0~startdev: CWD: /mnt/d/Projects/DEKAPE/nodejs/prayer-times
11 silly lifecycle prayer-times@1.0.0~startdev: Args: [ '-c', 'nodemon ./bin/www' ]
12 silly lifecycle prayer-times@1.0.0~startdev: Returned: code: 1  signal: null
13 info lifecycle prayer-times@1.0.0~startdev: Failed to exec startdev script
14 verbose stack Error: prayer-times@1.0.0 startdev: `nodemon ./bin/www`
14 verbose stack Exit status 1
14 verbose stack     at EventEmitter.<anonymous> (/usr/share/npm/lib/utils/lifecycle.js:232:16)
14 verbose stack     at emitTwo (events.js:126:13)
14 verbose stack     at EventEmitter.emit (events.js:214:7)
14 verbose stack     at ChildProcess.<anonymous> (/usr/share/npm/lib/utils/spawn.js:24:14)
14 verbose stack     at emitTwo (events.js:126:13)
14 verbose stack     at ChildProcess.emit (events.js:214:7)
14 verbose stack     at maybeClose (internal/child_process.js:925:16)
14 verbose stack     at Process.ChildProcess._handle.onexit (internal/child_process.js:209:5)
15 verbose pkgid prayer-times@1.0.0
16 verbose cwd /mnt/d/Projects/DEKAPE/nodejs/prayer-times
17 error Linux 4.4.0-18362-Microsoft
18 error argv "/usr/bin/node" "/usr/bin/npm" "run" "startdev"
19 error node v8.10.0
20 error npm  v3.5.2
21 error code ELIFECYCLE
22 error prayer-times@1.0.0 startdev: `nodemon ./bin/www`
22 error Exit status 1
23 error Failed at the prayer-times@1.0.0 startdev script 'nodemon ./bin/www'.
23 error Make sure you have the latest version of node.js and npm installed.
23 error If you do, this is most likely a problem with the prayer-times package,
23 error not with npm itself.
23 error Tell the author that this fails on your system:
23 error     nodemon ./bin/www
23 error You can get information on how to open an issue for this project with:
23 error     npm bugs prayer-times
23 error Or if that isn't available, you can get their info via:
23 error     npm owner ls prayer-times
23 error There is likely additional logging output above.
24 verbose exit [ 1, true ]
